30b46af|cd126f3|e2ff9bc 56e028f|2020-12-14 16:52:07 -0800|connor.starrh@gmail.com|Connor StarrHurst|2020-12-14 16:52:07 -0800|connor.starrh@gmail.com|Connor StarrHurst||Merge-remote-tracking-branch-origin-master-into-master|Merge remote-tracking branch 'origin/master' into master|	e2ff9bc|cd126f3|004f247|2020-12-14 16:51:20 -0800|connor.starrh@gmail.com|Connor StarrHurst|2020-12-14 16:51:20 -0800|connor.starrh@gmail.com|Connor StarrHurst||final-updates|final updates|	 118 files changed, 112822 insertions(+), 751 deletions(-)
	56e028f|abd86ae|9c88e98|2020-12-14 16:36:58 -0800|47130713+youknowwwho@users.noreply.github.com|Cutler|2020-12-14 16:36:58 -0800|noreply@github.com|GitHub||ignore-mp4-files|ignore mp4 files|	 1 file changed, 3 insertions(+)
	9c88e98|8a30b81|3636a6c|2020-12-14 16:21:21 -0800|47130713+youknowwwho@users.noreply.github.com|Cutler|2020-12-14 16:21:21 -0800|noreply@github.com|GitHub||Delete-Final-Instructions.docx|Delete Final Instructions.docx|	 1 file changed, 0 insertions(+), 0 deletions(-)
	3636a6c|2e0b703|8e59391|2020-12-14 16:18:24 -0800|47130713+youknowwwho@users.noreply.github.com|Cutler|2020-12-14 16:18:24 -0800|noreply@github.com|GitHub||Delete-oldSchoolNotebook.docx|Delete oldSchoolNotebook.docx|	 1 file changed, 0 insertions(+), 0 deletions(-)
	8e59391|6309001|db753b9|2020-12-14 16:18:11 -0800|47130713+youknowwwho@users.noreply.github.com|Cutler|2020-12-14 16:18:11 -0800|noreply@github.com|GitHub||Delete-Dream-Journal.pdf|Delete Dream Journal.pdf|	 1 file changed, 0 insertions(+), 0 deletions(-)
	db753b9|87dbce2|ab8a0eb|2020-12-14 16:17:58 -0800|47130713+youknowwwho@users.noreply.github.com|Cutler|2020-12-14 16:17:58 -0800|noreply@github.com|GitHub||Delete-2020-12-01_workspaceAudit.Rmd|Delete 2020-12-01_workspaceAudit.Rmd|	 1 file changed, 282 deletions(-)
	ab8a0eb|0754a4e|1f20df9|2020-12-14 16:17:17 -0800|47130713+youknowwwho@users.noreply.github.com|Cutler|2020-12-14 16:17:17 -0800|noreply@github.com|GitHub||Delete-dSchoolNotebook.docx|Delete ~$dSchoolNotebook.docx|	 1 file changed, 0 insertions(+), 0 deletions(-)
	1f20df9|b0e90a8|c0aacae|2020-12-14 16:17:09 -0800|47130713+youknowwwho@users.noreply.github.com|Cutler|2020-12-14 16:17:09 -0800|noreply@github.com|GitHub||Delete-nal-Instructions.docx|Delete ~$nal Instructions.docx|	 1 file changed, 0 insertions(+), 0 deletions(-)
	c0aacae|c391139|ae8f336|2020-12-14 16:17:01 -0800|47130713+youknowwwho@users.noreply.github.com|Cutler|2020-12-14 16:17:01 -0800|noreply@github.com|GitHub||Delete-WRL3150.tmp|Delete ~WRL3150.tmp|	 1 file changed, 0 insertions(+), 0 deletions(-)
	ae8f336|b7c372a|ed68f6c|2020-12-14 16:16:53 -0800|47130713+youknowwwho@users.noreply.github.com|Cutler|2020-12-14 16:16:53 -0800|noreply@github.com|GitHub||Delete-WRL0005.tmp|Delete ~WRL0005.tmp|	 1 file changed, 0 insertions(+), 0 deletions(-)
	ed68f6c|bf12399|0825671|2020-12-13 13:45:49 -0800|connor.starrh@gmail.com|Connor StarrHurst|2020-12-13 13:45:49 -0800|connor.starrh@gmail.com|Connor StarrHurst||updating-notebooks-adding-final|updating notebooks & adding final|	 81 files changed, 111979 insertions(+)
	0825671|ce2f57b|05740e5|2020-11-11 01:03:58 -0800|connor.starrh@gmail.com|Connor StarrHurst|2020-11-11 01:03:58 -0800|connor.starrh@gmail.com|Connor StarrHurst||project-measure-update|project-measure update|	 26 files changed, 50 insertions(+), 102 deletions(-)
	05740e5|97e5686|38939e0|2020-11-11 00:39:09 -0800|connor.starrh@gmail.com|Connor StarrHurst|2020-11-11 00:39:09 -0800|connor.starrh@gmail.com|Connor StarrHurst||project-measure-update|project-measure update|	 10 files changed, 260 insertions(+), 79 deletions(-)
	38939e0|aeb60af|04f3267|2020-11-11 00:10:35 -0800|connor.starrh@gmail.com|Connor StarrHurst|2020-11-11 00:10:35 -0800|connor.starrh@gmail.com|Connor StarrHurst||function-project-measure-update|function-project-measure update|	 18 files changed, 262 insertions(+), 824 deletions(-)
	04f3267|4597e71|004f247|2020-11-10 18:07:32 -0800|connor.starrh@gmail.com|Connor StarrHurst|2020-11-10 18:07:32 -0800|connor.starrh@gmail.com|Connor StarrHurst||function-project-measure-update|function-project-measure update|	 3 files changed, 27 insertions(+), 25 deletions(-)
	004f247|fc90d43|cf8e61e|2020-11-10 17:57:38 -0800|connor.starrh@gmail.com|Connor StarrHurst|2020-11-10 17:57:38 -0800|connor.starrh@gmail.com|Connor StarrHurst||function-project-measure-update-w-torso.height|function-project-measure update w/ torso.height|	 1 file changed, 2 insertions(+)
	cf8e61e|503b0c8|ac06ac6|2020-11-10 17:38:03 -0800|connor.starrh@gmail.com|Connor StarrHurst|2020-11-10 17:38:03 -0800|connor.starrh@gmail.com|Connor StarrHurst||function-project-measure-update-w-height.heads|function-project-measure update w/ height.heads|	 7 files changed, 224 insertions(+), 271 deletions(-)
	ac06ac6|b0f22c5|c56ce16|2020-11-09 22:24:00 -0800|connor.starrh@gmail.com|Connor StarrHurst|2020-11-09 22:24:00 -0800|connor.starrh@gmail.com|Connor StarrHurst||function-update|function update|	 2 files changed, 16 insertions(+), 9 deletions(-)
	c56ce16|037a54d|3de2794|2020-11-09 22:03:21 -0800|connor.starrh@gmail.com|Connor StarrHurst|2020-11-09 22:03:21 -0800|connor.starrh@gmail.com|Connor StarrHurst||function-update|function update|	 3 files changed, 14 insertions(+)
	3de2794|04fbfdc|0df8da0|2020-11-09 21:56:07 -0800|connor.starrh@gmail.com|Connor StarrHurst|2020-11-09 21:56:07 -0800|connor.starrh@gmail.com|Connor StarrHurst||function-update|function update|	 1 file changed, 1 insertion(+), 3 deletions(-)
	0df8da0|fe2b521|adad568|2020-11-09 21:52:35 -0800|connor.starrh@gmail.com|Connor StarrHurst|2020-11-09 21:52:35 -0800|connor.starrh@gmail.com|Connor StarrHurst||update-for-project-measure|update for project-measure|	 1 file changed, 1 insertion(+), 1 deletion(-)
	adad568|dcb4a29|61c75bb|2020-11-09 21:46:19 -0800|connor.starrh@gmail.com|Connor StarrHurst|2020-11-09 21:46:19 -0800|connor.starrh@gmail.com|Connor StarrHurst||update-for-project-measure|update for project-measure|	 12 files changed, 1605 insertions(+), 50 deletions(-)
	61c75bb|ec8045d|94ed27b|2020-11-09 19:23:23 -0800|connor.starrh@gmail.com|Connor StarrHurst|2020-11-09 19:23:23 -0800|connor.starrh@gmail.com|Connor StarrHurst||big-update|big update|	 109 files changed, 39918 insertions(+), 283 deletions(-)
	94ed27b|4cc99d9|1a60561|2020-09-21 23:53:54 -0700|connor.starrh@gmail.com|Connor StarrHurst|2020-09-21 23:53:54 -0700|connor.starrh@gmail.com|Connor StarrHurst||Week-3-example-and-assignment|Week 3 example and assignment|	 33 files changed, 10091 insertions(+), 345 deletions(-)
	1a60561|d05fb46|fccb0a0|2020-09-13 17:28:31 -0700|connor.starrh@gmail.com|Connor StarrHurst|2020-09-13 17:28:31 -0700|connor.starrh@gmail.com|Connor StarrHurst||Week-3-functions-and-files|Week 3 functions and files|	 16 files changed, 5706 insertions(+)
	fccb0a0|d9df7da|1d6d36c|2020-09-13 15:12:56 -0700|connor.starrh@gmail.com|Connor StarrHurst|2020-09-13 15:12:56 -0700|connor.starrh@gmail.com|Connor StarrHurst||Week-2-personality-datasets|Week 2: personality datasets|	 4 files changed, 2024 insertions(+)
	1d6d36c|8e1782f||2020-09-13 14:56:51 -0700|47130713+youknowwwho@users.noreply.github.com|Cutler|2020-09-13 14:56:51 -0700|noreply@github.com|GitHub||Initial-commit|Initial commit|	 3 files changed, 61 insertions(+)
